android-admin-app/app/build/intermediates/manifest_merge_blame_file/debug/processDebugMainManifest/manifest-merger-blame-debug-report.txt
1<?xml version="1.0" encoding="utf-8"?>
2<manifest xmlns:android="http://schemas.android.com/apk/res/android"
3    package="com.alima.sinyaladmin"
4    android:versionCode="1"
5    android:versionName="1.0-admin" >
6
7    <uses-sdk
8        android:minSdkVersion="24"
9        android:targetSdkVersion="34" />
10
11    <uses-permission android:name="android.permission.INTERNET" />
11-->src\main\AndroidManifest.xml:4:5-67
11-->src\main\AndroidManifest.xml:4:22-64
12    <uses-permission android:name="android.permission.ACCESS_NETWORK_STATE" />
12-->[com.google.firebase:firebase-messaging:24.0.1] AndroidManifest.xml:22:5-79
12-->[com.google.firebase:firebase-messaging:24.0.1] AndroidManifest.xml:22:22-76
13    <uses-permission android:name="android.permission.POST_NOTIFICATIONS" />
13-->[com.google.firebase:firebase-messaging:24.0.1] AndroidManifest.xml:23:5-77
13-->[com.google.firebase:firebase-messaging:24.0.1] AndroidManifest.xml:23:22-74
14    <uses-permission android:name="android.permission.WAKE_LOCK" /> <!-- Required by older versions of Google Play services to create IID tokens -->
14-->[com.google.firebase:firebase-messaging:24.0.1] AndroidManifest.xml:24:5-68
14-->[com.google.firebase:firebase-messaging:24.0.1] AndroidManifest.xml:24:22-65
15    <uses-permission android:name="com.google.android.c2dm.permission.RECEIVE" />
15-->[com.google.firebase:firebase-messaging:24.0.1] AndroidManifest.xml:26:5-82
15-->[com.google.firebase:firebase-messaging:24.0.1] AndroidManifest.xml:26:22-79
16    <uses-permission android:name="android.permission.RECEIVE_BOOT_COMPLETED" />
16-->[androidx.work:work-runtime:2.9.1] AndroidManifest.xml:25:5-81
16-->[androidx.work:work-runtime:2.9.1] AndroidManifest.xml:25:22-78
17    <uses-permission android:name="android.permission.FOREGROUND_SERVICE" />
17-->[androidx.work:work-runtime:2.9.1] AndroidManifest.xml:26:5-77
17-->[androidx.work:work-runtime:2.9.1] AndroidManifest.xml:26:22-74
18
19    <permission
19-->[androidx.core:core:1.13.1] AndroidManifest.xml:22:5-24:47
20        android:name="com.alima.sinyaladmin.DYNAMIC_RECEIVER_NOT_EXPORTED_PERMISSION"
20-->[androidx.core:core:1.13.1] AndroidManifest.xml:23:9-81
21        android:protectionLevel="signature" />
21-->[androidx.core:core:1.13.1] AndroidManifest.xml:24:9-44
22
23    <uses-permission android:name="com.alima.sinyaladmin.DYNAMIC_RECEIVER_NOT_EXPORTED_PERMISSION" />
23-->[androidx.core:core:1.13.1] AndroidManifest.xml:26:5-97
23-->[androidx.core:core:1.13.1] AndroidManifest.xml:26:22-94
24
25    <application
25-->src\main\AndroidManifest.xml:6:5-32:19
26        android:allowBackup="true"
26-->src\main\AndroidManifest.xml:7:9-35
27        android:appComponentFactory="androidx.core.app.CoreComponentFactory"
27-->[androidx.core:core:1.13.1] AndroidManifest.xml:28:18-86
28        android:debuggable="true"
29        android:extractNativeLibs="false"
30        android:icon="@drawable/ic_stat_signal"
30-->src\main\AndroidManifest.xml:8:9-48
31        android:label="@string/app_name"
31-->src\main\AndroidManifest.xml:9:9-41
32        android:networkSecurityConfig="@xml/network_security_config"
32-->src\main\AndroidManifest.xml:10:9-69
33        android:roundIcon="@drawable/ic_stat_signal"
33-->src\main\AndroidManifest.xml:11:9-53
34        android:supportsRtl="true"
34-->src\main\AndroidManifest.xml:12:9-35
35        android:theme="@style/Theme.SinyalSahamIndo" >
35-->src\main\AndroidManifest.xml:13:9-53
36        <activity
36-->src\main\AndroidManifest.xml:15:9-17:40
37            android:name="com.alima.sinyalsahamindo.ui.MainActivity"
37-->src\main\AndroidManifest.xml:16:13-44
38            android:exported="false" />
38-->src\main\AndroidManifest.xml:17:13-37
39        <activity
39-->src\main\AndroidManifest.xml:19:9-21:40
40            android:name="com.alima.sinyalsahamindo.ui.LoginActivity"
40-->src\main\AndroidManifest.xml:20:13-45
41            android:exported="false" />
41-->src\main\AndroidManifest.xml:21:13-37
42        <activity
42-->src\main\AndroidManifest.xml:23:9-30:20
43            android:name="com.alima.sinyalsahamindo.ui.SplashActivity"
43-->src\main\AndroidManifest.xml:24:13-46
44            android:exported="true" >
44-->src\main\AndroidManifest.xml:25:13-36
45            <intent-filter>
45-->src\main\AndroidManifest.xml:26:13-29:29
46                <action android:name="android.intent.action.MAIN" />
46-->src\main\AndroidManifest.xml:27:17-69
46-->src\main\AndroidManifest.xml:27:25-66
47
48                <category android:name="android.intent.category.LAUNCHER" />
48-->src\main\AndroidManifest.xml:28:17-77
48-->src\main\AndroidManifest.xml:28:27-74
49            </intent-filter>
50        </activity>
51
52        <service
52-->[com.google.firebase:firebase-messaging-ktx:24.0.1] AndroidManifest.xml:23:9-29:19
53            android:name="com.google.firebase.components.ComponentDiscoveryService"
53-->[com.google.firebase:firebase-messaging-ktx:24.0.1] AndroidManifest.xml:24:13-84
54            android:directBootAware="true"
54-->[com.google.firebase:firebase-common:21.0.0] AndroidManifest.xml:32:13-43
55            android:exported="false" >
55-->[com.google.firebase:firebase-messaging-ktx:24.0.1] AndroidManifest.xml:25:13-37
56            <meta-data
56-->[com.google.firebase:firebase-messaging-ktx:24.0.1] AndroidManifest.xml:26:13-28:85
57                android:name="com.google.firebase.components:com.google.firebase.messaging.ktx.FirebaseMessagingLegacyRegistrar"
57-->[com.google.firebase:firebase-messaging-ktx:24.0.1] AndroidManifest.xml:27:17-129
58                android:value="com.google.firebase.components.ComponentRegistrar" />
58-->[com.google.firebase:firebase-messaging-ktx:24.0.1] AndroidManifest.xml:28:17-82
59            <meta-data
59-->[com.google.firebase:firebase-messaging:24.0.1] AndroidManifest.xml:57:13-59:85
60                android:name="com.google.firebase.components:com.google.firebase.messaging.FirebaseMessagingKtxRegistrar"
60-->[com.google.firebase:firebase-messaging:24.0.1] AndroidManifest.xml:58:17-122
61                android:value="com.google.firebase.components.ComponentRegistrar" />
61-->[com.google.firebase:firebase-messaging:24.0.1] AndroidManifest.xml:59:17-82
62            <meta-data
62-->[com.google.firebase:firebase-messaging:24.0.1] AndroidManifest.xml:60:13-62:85
63                android:name="com.google.firebase.components:com.google.firebase.messaging.FirebaseMessagingRegistrar"
63-->[com.google.firebase:firebase-messaging:24.0.1] AndroidManifest.xml:61:17-119
64                android:value="com.google.firebase.components.ComponentRegistrar" />
64-->[com.google.firebase:firebase-messaging:24.0.1] AndroidManifest.xml:62:17-82
65            <meta-data
65-->[com.google.firebase:firebase-installations:18.0.0] AndroidManifest.xml:15:13-17:85
66                android:name="com.google.firebase.components:com.google.firebase.installations.FirebaseInstallationsKtxRegistrar"
66-->[com.google.firebase:firebase-installations:18.0.0] AndroidManifest.xml:16:17-130
67                android:value="com.google.firebase.components.ComponentRegistrar" />
67-->[com.google.firebase:firebase-installations:18.0.0] AndroidManifest.xml:17:17-82
68            <meta-data
68-->[com.google.firebase:firebase-installations:18.0.0] AndroidManifest.xml:18:13-20:85
69                android:name="com.google.firebase.components:com.google.firebase.installations.FirebaseInstallationsRegistrar"
69-->[com.google.firebase:firebase-installations:18.0.0] AndroidManifest.xml:19:17-127
70                android:value="com.google.firebase.components.ComponentRegistrar" />
70-->[com.google.firebase:firebase-installations:18.0.0] AndroidManifest.xml:20:17-82
71            <meta-data
71-->[com.google.firebase:firebase-common-ktx:21.0.0] AndroidManifest.xml:12:13-14:85
72                android:name="com.google.firebase.components:com.google.firebase.ktx.FirebaseCommonLegacyRegistrar"
72-->[com.google.firebase:firebase-common-ktx:21.0.0] AndroidManifest.xml:13:17-116
73                android:value="com.google.firebase.components.ComponentRegistrar" />
73-->[com.google.firebase:firebase-common-ktx:21.0.0] AndroidManifest.xml:14:17-82
74            <meta-data
74-->[com.google.firebase:firebase-common:21.0.0] AndroidManifest.xml:35:13-37:85
75                android:name="com.google.firebase.components:com.google.firebase.FirebaseCommonKtxRegistrar"
75-->[com.google.firebase:firebase-common:21.0.0] AndroidManifest.xml:36:17-109
76                android:value="com.google.firebase.components.ComponentRegistrar" />
76-->[com.google.firebase:firebase-common:21.0.0] AndroidManifest.xml:37:17-82
77            <meta-data
77-->[com.google.firebase:firebase-datatransport:18.2.0] AndroidManifest.xml:25:13-27:85
78                android:name="com.google.firebase.components:com.google.firebase.datatransport.TransportRegistrar"
78-->[com.google.firebase:firebase-datatransport:18.2.0] AndroidManifest.xml:26:17-115
79                android:value="com.google.firebase.components.ComponentRegistrar" />
79-->[com.google.firebase:firebase-datatransport:18.2.0] AndroidManifest.xml:27:17-82
80        </service>
81
82        <receiver
82-->[com.google.firebase:firebase-messaging:24.0.1] AndroidManifest.xml:29:9-40:20
83            android:name="com.google.firebase.iid.FirebaseInstanceIdReceiver"
83-->[com.google.firebase:firebase-messaging:24.0.1] AndroidManifest.xml:30:13-78
84            android:exported="true"
84-->[com.google.firebase:firebase-messaging:24.0.1] AndroidManifest.xml:31:13-36
85            android:permission="com.google.android.c2dm.permission.SEND" >
85-->[com.google.firebase:firebase-messaging:24.0.1] AndroidManifest.xml:32:13-73
86            <intent-filter>
86-->[com.google.firebase:firebase-messaging:24.0.1] AndroidManifest.xml:33:13-35:29
87                <action android:name="com.google.android.c2dm.intent.RECEIVE" />
87-->[com.google.firebase:firebase-messaging:24.0.1] AndroidManifest.xml:34:17-81
87-->[com.google.firebase:firebase-messaging:24.0.1] AndroidManifest.xml:34:25-78
88            </intent-filter>
89
90            <meta-data
90-->[com.google.firebase:firebase-messaging:24.0.1] AndroidManifest.xml:37:13-39:40
91                android:name="com.google.android.gms.cloudmessaging.FINISHED_AFTER_HANDLED"
91-->[com.google.firebase:firebase-messaging:24.0.1] AndroidManifest.xml:38:17-92
92                android:value="true" />
92-->[com.google.firebase:firebase-messaging:24.0.1] AndroidManifest.xml:39:17-37
93        </receiver>
94        <!--
95             FirebaseMessagingService performs security checks at runtime,
96             but set to not exported to explicitly avoid allowing another app to call it.
97        -->
98        <service
98-->[com.google.firebase:firebase-messaging:24.0.1] AndroidManifest.xml:46:9-53:19
99            android:name="com.google.firebase.messaging.FirebaseMessagingService"
99-->[com.google.firebase:firebase-messaging:24.0.1] AndroidManifest.xml:47:13-82
100            android:directBootAware="true"
100-->[com.google.firebase:firebase-messaging:24.0.1] AndroidManifest.xml:48:13-43
101            android:exported="false" >
101-->[com.google.firebase:firebase-messaging:24.0.1] AndroidManifest.xml:49:13-37
102            <intent-filter android:priority="-500" >
102-->[com.google.firebase:firebase-messaging:24.0.1] AndroidManifest.xml:50:13-52:29
102-->[com.google.firebase:firebase-messaging:24.0.1] AndroidManifest.xml:50:28-51
103                <action android:name="com.google.firebase.MESSAGING_EVENT" />
103-->[com.google.firebase:firebase-messaging:24.0.1] AndroidManifest.xml:51:17-78
103-->[com.google.firebase:firebase-messaging:24.0.1] AndroidManifest.xml:51:25-75
104            </intent-filter>
105        </service>
106
107        <activity
107-->[com.google.android.gms:play-services-base:18.0.1] AndroidManifest.xml:20:9-22:45
108            android:name="com.google.android.gms.common.api.GoogleApiActivity"
108-->[com.google.android.gms:play-services-base:18.0.1] AndroidManifest.xml:20:19-85
109            android:exported="false"
109-->[com.google.android.gms:play-services-base:18.0.1] AndroidManifest.xml:22:19-43
110            android:theme="@android:style/Theme.Translucent.NoTitleBar" />
110-->[com.google.android.gms:play-services-base:18.0.1] AndroidManifest.xml:21:19-78
111
112        <provider
112-->[com.google.firebase:firebase-common:21.0.0] AndroidManifest.xml:23:9-28:39
113            android:name="com.google.firebase.provider.FirebaseInitProvider"
113-->[com.google.firebase:firebase-common:21.0.0] AndroidManifest.xml:24:13-77
114            android:authorities="com.alima.sinyaladmin.firebaseinitprovider"
114-->[com.google.firebase:firebase-common:21.0.0] AndroidManifest.xml:25:13-72
115            android:directBootAware="true"
115-->[com.google.firebase:firebase-common:21.0.0] AndroidManifest.xml:26:13-43
116            android:exported="false"
116-->[com.google.firebase:firebase-common:21.0.0] AndroidManifest.xml:27:13-37
117            android:initOrder="100" />
117-->[com.google.firebase:firebase-common:21.0.0] AndroidManifest.xml:28:13-36
118        <provider
118-->[androidx.emoji2:emoji2:1.3.0] AndroidManifest.xml:24:9-32:20
119            android:name="androidx.startup.InitializationProvider"
119-->[androidx.emoji2:emoji2:1.3.0] AndroidManifest.xml:25:13-67
120            android:authorities="com.alima.sinyaladmin.androidx-startup"
120-->[androidx.emoji2:emoji2:1.3.0] AndroidManifest.xml:26:13-68
121            android:exported="false" >
121-->[androidx.emoji2:emoji2:1.3.0] AndroidManifest.xml:27:13-37
122            <meta-data
122-->[androidx.emoji2:emoji2:1.3.0] AndroidManifest.xml:29:13-31:52
123                android:name="androidx.emoji2.text.EmojiCompatInitializer"
123-->[androidx.emoji2:emoji2:1.3.0] AndroidManifest.xml:30:17-75
124                android:value="androidx.startup" />
124-->[androidx.emoji2:emoji2:1.3.0] AndroidManifest.xml:31:17-49
125            <meta-data
125-->[androidx.work:work-runtime:2.9.1] AndroidManifest.xml:34:13-36:52
126                android:name="androidx.work.WorkManagerInitializer"
126-->[androidx.work:work-runtime:2.9.1] AndroidManifest.xml:35:17-68
127                android:value="androidx.startup" />
127-->[androidx.work:work-runtime:2.9.1] AndroidManifest.xml:36:17-49
128            <meta-data
128-->[androidx.lifecycle:lifecycle-process:2.8.4] AndroidManifest.xml:29:13-31:52
129                android:name="androidx.lifecycle.ProcessLifecycleInitializer"
129-->[androidx.lifecycle:lifecycle-process:2.8.4] AndroidManifest.xml:30:17-78
130                android:value="androidx.startup" />
130-->[androidx.lifecycle:lifecycle-process:2.8.4] AndroidManifest.xml:31:17-49
131            <meta-data
131-->[androidx.profileinstaller:profileinstaller:1.3.1] AndroidManifest.xml:29:13-31:52
132                android:name="androidx.profileinstaller.ProfileInstallerInitializer"
132-->[androidx.profileinstaller:profileinstaller:1.3.1] AndroidManifest.xml:30:17-85
133                android:value="androidx.startup" />
133-->[androidx.profileinstaller:profileinstaller:1.3.1] AndroidManifest.xml:31:17-49
134        </provider>
135
136        <service
136-->[androidx.work:work-runtime:2.9.1] AndroidManifest.xml:39:9-45:35
137            android:name="androidx.work.impl.background.systemalarm.SystemAlarmService"
137-->[androidx.work:work-runtime:2.9.1] AndroidManifest.xml:40:13-88
138            android:directBootAware="false"
138-->[androidx.work:work-runtime:2.9.1] AndroidManifest.xml:41:13-44
139            android:enabled="@bool/enable_system_alarm_service_default"
139-->[androidx.work:work-runtime:2.9.1] AndroidManifest.xml:42:13-72
140            android:exported="false" />
140-->[androidx.work:work-runtime:2.9.1] AndroidManifest.xml:43:13-37
141        <service
141-->[androidx.work:work-runtime:2.9.1] AndroidManifest.xml:46:9-52:35
142            android:name="androidx.work.impl.background.systemjob.SystemJobService"
142-->[androidx.work:work-runtime:2.9.1] AndroidManifest.xml:47:13-84
143            android:directBootAware="false"
143-->[androidx.work:work-runtime:2.9.1] AndroidManifest.xml:48:13-44
144            android:enabled="@bool/enable_system_job_service_default"
144-->[androidx.work:work-runtime:2.9.1] AndroidManifest.xml:49:13-70
145            android:exported="true"
145-->[androidx.work:work-runtime:2.9.1] AndroidManifest.xml:50:13-36
146            android:permission="android.permission.BIND_JOB_SERVICE" />
146-->[androidx.work:work-runtime:2.9.1] AndroidManifest.xml:51:13-69
147        <service
147-->[androidx.work:work-runtime:2.9.1] AndroidManifest.xml:53:9-59:35
148            android:name="androidx.work.impl.foreground.SystemForegroundService"
148-->[androidx.work:work-runtime:2.9.1] AndroidManifest.xml:54:13-81
149            android:directBootAware="false"
149-->[androidx.work:work-runtime:2.9.1] AndroidManifest.xml:55:13-44
150            android:enabled="@bool/enable_system_foreground_service_default"
150-->[androidx.work:work-runtime:2.9.1] AndroidManifest.xml:56:13-77
151            android:exported="false" />
151-->[androidx.work:work-runtime:2.9.1] AndroidManifest.xml:57:13-37
152
153        <receiver
153-->[androidx.work:work-runtime:2.9.1] AndroidManifest.xml:61:9-66:35
154            android:name="androidx.work.impl.utils.ForceStopRunnable$BroadcastReceiver"
154-->[androidx.work:work-runtime:2.9.1] AndroidManifest.xml:62:13-88
155            android:directBootAware="false"
155-->[androidx.work:work-runtime:2.9.1] AndroidManifest.xml:63:13-44
156            android:enabled="true"
156-->[androidx.work:work-runtime:2.9.1] AndroidManifest.xml:64:13-35
157            android:exported="false" />
157-->[androidx.work:work-runtime:2.9.1] AndroidManifest.xml:65:13-37
158        <receiver
158-->[androidx.work:work-runtime:2.9.1] AndroidManifest.xml:67:9-77:20
159            android:name="androidx.work.impl.background.systemalarm.ConstraintProxy$BatteryChargingProxy"
159-->[androidx.work:work-runtime:2.9.1] AndroidManifest.xml:68:13-106
160            android:directBootAware="false"
160-->[androidx.work:work-runtime:2.9.1] AndroidManifest.xml:69:13-44
161            android:enabled="false"
161-->[androidx.work:work-runtime:2.9.1] AndroidManifest.xml:70:13-36
162            android:exported="false" >
162-->[androidx.work:work-runtime:2.9.1] AndroidManifest.xml:71:13-37
163            <intent-filter>
163-->[androidx.work:work-runtime:2.9.1] AndroidManifest.xml:73:13-76:29
164                <action android:name="android.intent.action.ACTION_POWER_CONNECTED" />
164-->[androidx.work:work-runtime:2.9.1] AndroidManifest.xml:74:17-87
164-->[androidx.work:work-runtime:2.9.1] AndroidManifest.xml:74:25-84
165                <action android:name="android.intent.action.ACTION_POWER_DISCONNECTED" />
165-->[androidx.work:work-runtime:2.9.1] AndroidManifest.xml:75:17-90
165-->[androidx.work:work-runtime:2.9.1] AndroidManifest.xml:75:25-87
166            </intent-filter>
167        </receiver>
168        <receiver
168-->[androidx.work:work-runtime:2.9.1] AndroidManifest.xml:78:9-88:20
169            android:name="androidx.work.impl.background.systemalarm.ConstraintProxy$BatteryNotLowProxy"
169-->[androidx.work:work-runtime:2.9.1] AndroidManifest.xml:79:13-104
170            android:directBootAware="false"
170-->[androidx.work:work-runtime:2.9.1] AndroidManifest.xml:80:13-44
171            android:enabled="false"
171-->[androidx.work:work-runtime:2.9.1] AndroidManifest.xml:81:13-36
172            android:exported="false" >
172-->[androidx.work:work-runtime:2.9.1] AndroidManifest.xml:82:13-37
173            <intent-filter>
173-->[androidx.work:work-runtime:2.9.1] AndroidManifest.xml:84:13-87:29
174                <action android:name="android.intent.action.BATTERY_OKAY" />
174-->[androidx.work:work-runtime:2.9.1] AndroidManifest.xml:85:17-77
174-->[androidx.work:work-runtime:2.9.1] AndroidManifest.xml:85:25-74
175                <action android:name="android.intent.action.BATTERY_LOW" />
175-->[androidx.work:work-runtime:2.9.1] AndroidManifest.xml:86:17-76
175-->[androidx.work:work-runtime:2.9.1] AndroidManifest.xml:86:25-73
176            </intent-filter>
177        </receiver>
178        <receiver
178-->[androidx.work:work-runtime:2.9.1] AndroidManifest.xml:89:9-99:20
179            android:name="androidx.work.impl.background.systemalarm.ConstraintProxy$StorageNotLowProxy"
179-->[androidx.work:work-runtime:2.9.1] AndroidManifest.xml:90:13-104
180            android:directBootAware="false"
180-->[androidx.work:work-runtime:2.9.1] AndroidManifest.xml:91:13-44
181            android:enabled="false"
181-->[androidx.work:work-runtime:2.9.1] AndroidManifest.xml:92:13-36
182            android:exported="false" >
182-->[androidx.work:work-runtime:2.9.1] AndroidManifest.xml:93:13-37
183            <intent-filter>
183-->[androidx.work:work-runtime:2.9.1] AndroidManifest.xml:95:13-98:29
184                <action android:name="android.intent.action.DEVICE_STORAGE_LOW" />
184-->[androidx.work:work-runtime:2.9.1] AndroidManifest.xml:96:17-83
184-->[androidx.work:work-runtime:2.9.1] AndroidManifest.xml:96:25-80
185                <action android:name="android.intent.action.DEVICE_STORAGE_OK" />
185-->[androidx.work:work-runtime:2.9.1] AndroidManifest.xml:97:17-82
185-->[androidx.work:work-runtime:2.9.1] AndroidManifest.xml:97:25-79
186            </intent-filter>
187        </receiver>
188        <receiver
188-->[androidx.work:work-runtime:2.9.1] AndroidManifest.xml:100:9-109:20
189            android:name="androidx.work.impl.background.systemalarm.ConstraintProxy$NetworkStateProxy"
189-->[androidx.work:work-runtime:2.9.1] AndroidManifest.xml:101:13-103
190            android:directBootAware="false"
190-->[androidx.work:work-runtime:2.9.1] AndroidManifest.xml:102:13-44
191            android:enabled="false"
191-->[androidx.work:work-runtime:2.9.1] AndroidManifest.xml:103:13-36
192            android:exported="false" >
192-->[androidx.work:work-runtime:2.9.1] AndroidManifest.xml:104:13-37
193            <intent-filter>
193-->[androidx.work:work-runtime:2.9.1] AndroidManifest.xml:106:13-108:29
194                <action android:name="android.net.conn.CONNECTIVITY_CHANGE" />
194-->[androidx.work:work-runtime:2.9.1] AndroidManifest.xml:107:17-79
194-->[androidx.work:work-runtime:2.9.1] AndroidManifest.xml:107:25-76
195            </intent-filter>
196        </receiver>
197        <receiver
197-->[androidx.work:work-runtime:2.9.1] AndroidManifest.xml:110:9-121:20
198            android:name="androidx.work.impl.background.systemalarm.RescheduleReceiver"
198-->[androidx.work:work-runtime:2.9.1] AndroidManifest.xml:111:13-88
199            android:directBootAware="false"
199-->[androidx.work:work-runtime:2.9.1] AndroidManifest.xml:112:13-44
200            android:enabled="false"
200-->[androidx.work:work-runtime:2.9.1] AndroidManifest.xml:113:13-36
201            android:exported="false" >
201-->[androidx.work:work-runtime:2.9.1] AndroidManifest.xml:114:13-37
202            <intent-filter>
202-->[androidx.work:work-runtime:2.9.1] AndroidManifest.xml:116:13-120:29
203                <action android:name="android.intent.action.BOOT_COMPLETED" />
203-->[androidx.work:work-runtime:2.9.1] AndroidManifest.xml:117:17-79
203-->[androidx.work:work-runtime:2.9.1] AndroidManifest.xml:117:25-76
204                <action android:name="android.intent.action.TIME_SET" />
204-->[androidx.work:work-runtime:2.9.1] AndroidManifest.xml:118:17-73
204-->[androidx.work:work-runtime:2.9.1] AndroidManifest.xml:118:25-70
205                <action android:name="android.intent.action.TIMEZONE_CHANGED" />
205-->[androidx.work:work-runtime:2.9.1] AndroidManifest.xml:119:17-81
205-->[androidx.work:work-runtime:2.9.1] AndroidManifest.xml:119:25-78
206            </intent-filter>
207        </receiver>
208        <receiver
208-->[androidx.work:work-runtime:2.9.1] AndroidManifest.xml:122:9-131:20
209            android:name="androidx.work.impl.background.systemalarm.ConstraintProxyUpdateReceiver"
209-->[androidx.work:work-runtime:2.9.1] AndroidManifest.xml:123:13-99
210            android:directBootAware="false"
210-->[androidx.work:work-runtime:2.9.1] AndroidManifest.xml:124:13-44
211            android:enabled="@bool/enable_system_alarm_service_default"
211-->[androidx.work:work-runtime:2.9.1] AndroidManifest.xml:125:13-72
212            android:exported="false" >
212-->[androidx.work:work-runtime:2.9.1] AndroidManifest.xml:126:13-37
213            <intent-filter>
213-->[androidx.work:work-runtime:2.9.1] AndroidManifest.xml:128:13-130:29
214                <action android:name="androidx.work.impl.background.systemalarm.UpdateProxies" />
214-->[androidx.work:work-runtime:2.9.1] AndroidManifest.xml:129:17-98
214-->[androidx.work:work-runtime:2.9.1] AndroidManifest.xml:129:25-95
215            </intent-filter>
216        </receiver>
217        <receiver
217-->[androidx.work:work-runtime:2.9.1] AndroidManifest.xml:132:9-142:20
218            android:name="androidx.work.impl.diagnostics.DiagnosticsReceiver"
218-->[androidx.work:work-runtime:2.9.1] AndroidManifest.xml:133:13-78
219            android:directBootAware="false"
219-->[androidx.work:work-runtime:2.9.1] AndroidManifest.xml:134:13-44
220            android:enabled="true"
220-->[androidx.work:work-runtime:2.9.1] AndroidManifest.xml:135:13-35
221            android:exported="true"
221-->[androidx.work:work-runtime:2.9.1] AndroidManifest.xml:136:13-36
222            android:permission="android.permission.DUMP" >
222-->[androidx.work:work-runtime:2.9.1] AndroidManifest.xml:137:13-57
223            <intent-filter>
223-->[androidx.work:work-runtime:2.9.1] AndroidManifest.xml:139:13-141:29
224                <action android:name="androidx.work.diagnostics.REQUEST_DIAGNOSTICS" />
224-->[androidx.work:work-runtime:2.9.1] AndroidManifest.xml:140:17-88
224-->[androidx.work:work-runtime:2.9.1] AndroidManifest.xml:140:25-85
225            </intent-filter>
226        </receiver>
227
228        <meta-data
228-->[com.google.android.gms:play-services-basement:18.3.0] AndroidManifest.xml:21:9-23:69
229            android:name="com.google.android.gms.version"
229-->[com.google.android.gms:play-services-basement:18.3.0] AndroidManifest.xml:22:13-58
230            android:value="@integer/google_play_services_version" />
230-->[com.google.android.gms:play-services-basement:18.3.0] AndroidManifest.xml:23:13-66
231
232        <service
232-->[androidx.room:room-runtime:2.5.0] AndroidManifest.xml:24:9-28:63
233            android:name="androidx.room.MultiInstanceInvalidationService"
233-->[androidx.room:room-runtime:2.5.0] AndroidManifest.xml:25:13-74
234            android:directBootAware="true"
234-->[androidx.room:room-runtime:2.5.0] AndroidManifest.xml:26:13-43
235            android:exported="false" />
235-->[androidx.room:room-runtime:2.5.0] AndroidManifest.xml:27:13-37
236
237        <receiver
237-->[androidx.profileinstaller:profileinstaller:1.3.1] AndroidManifest.xml:34:9-52:20
238            android:name="androidx.profileinstaller.ProfileInstallReceiver"
238-->[androidx.profileinstaller:profileinstaller:1.3.1] AndroidManifest.xml:35:13-76
239            android:directBootAware="false"
239-->[androidx.profileinstaller:profileinstaller:1.3.1] AndroidManifest.xml:36:13-44
240            android:enabled="true"
240-->[androidx.profileinstaller:profileinstaller:1.3.1] AndroidManifest.xml:37:13-35
241            android:exported="true"
241-->[androidx.profileinstaller:profileinstaller:1.3.1] AndroidManifest.xml:38:13-36
242            android:permission="android.permission.DUMP" >
242-->[androidx.profileinstaller:profileinstaller:1.3.1] AndroidManifest.xml:39:13-57
243            <intent-filter>
243-->[androidx.profileinstaller:profileinstaller:1.3.1] AndroidManifest.xml:40:13-42:29
244                <action android:name="androidx.profileinstaller.action.INSTALL_PROFILE" />
244-->[androidx.profileinstaller:profileinstaller:1.3.1] AndroidManifest.xml:41:17-91
244-->[androidx.profileinstaller:profileinstaller:1.3.1] AndroidManifest.xml:41:25-88
245            </intent-filter>
246            <intent-filter>
246-->[androidx.profileinstaller:profileinstaller:1.3.1] AndroidManifest.xml:43:13-45:29
247                <action android:name="androidx.profileinstaller.action.SKIP_FILE" />
247-->[androidx.profileinstaller:profileinstaller:1.3.1] AndroidManifest.xml:44:17-85
247-->[androidx.profileinstaller:profileinstaller:1.3.1] AndroidManifest.xml:44:25-82
248            </intent-filter>
249            <intent-filter>
249-->[androidx.profileinstaller:profileinstaller:1.3.1] AndroidManifest.xml:46:13-48:29
250                <action android:name="androidx.profileinstaller.action.SAVE_PROFILE" />
250-->[androidx.profileinstaller:profileinstaller:1.3.1] AndroidManifest.xml:47:17-88
250-->[androidx.profileinstaller:profileinstaller:1.3.1] AndroidManifest.xml:47:25-85
251            </intent-filter>
252            <intent-filter>
252-->[androidx.profileinstaller:profileinstaller:1.3.1] AndroidManifest.xml:49:13-51:29
253                <action android:name="androidx.profileinstaller.action.BENCHMARK_OPERATION" />
253-->[androidx.profileinstaller:profileinstaller:1.3.1] AndroidManifest.xml:50:17-95
253-->[androidx.profileinstaller:profileinstaller:1.3.1] AndroidManifest.xml:50:25-92
254            </intent-filter>
255        </receiver>
256
257        <service
257-->[com.google.android.datatransport:transport-backend-cct:3.1.9] AndroidManifest.xml:28:9-34:19
258            android:name="com.google.android.datatransport.runtime.backends.TransportBackendDiscovery"
258-->[com.google.android.datatransport:transport-backend-cct:3.1.9] AndroidManifest.xml:29:13-103
259            android:exported="false" >
259-->[com.google.android.datatransport:transport-backend-cct:3.1.9] AndroidManifest.xml:30:13-37
260            <meta-data